This file contains any messages produced by compilers while
running configure, to aid debugging if configure makes a mistake.

It was created by configure, which was
generated by GNU Autoconf 2.69.  Invocation command line was

  $ ./configure --prefix=/opt/opendfb --libdir=/opt/opendfb/lib --includedir=/opt/opendfb/include

## --------- ##
## Platform. ##
## --------- ##

hostname = ubuntu
uname -m = i686
uname -r = 3.15.0-5-generic
uname -s = Linux
uname -v = #10-Ubuntu SMP Mon Jun 2 17:01:04 UTC 2014

/usr/bin/uname -p = unknown
/bin/uname -X     = unknown

/bin/arch              = unknown
/usr/bin/arch -k       = unknown
/usr/convex/getsysinfo = unknown
/usr/bin/hostinfo      = unknown
/bin/machine           = unknown
/usr/bin/oslevel       = unknown
/bin/universe          = unknown

PATH: /opt/opendfb/bin
PATH: /usr/local/sbin
PATH: /usr/local/bin
PATH: /usr/sbin
PATH: /usr/bin
PATH: /sbin
PATH: /bin
PATH: /usr/games
PATH: /usr/local/games
PATH: /home/kin/workspace/chromium-code/depot_tools


## ----------- ##
## Core tests. ##
## ----------- ##

configure:2167: checking for a BSD-compatible install
configure:2235: result: /usr/bin/install -c
configure:2246: checking whether build environment is sane
configure:2296: result: yes
configure:2437: checking for a thread-safe mkdir -p
configure:2476: result: /bin/mkdir -p
configure:2489: checking for gawk
configure:2519: result: no
configure:2489: checking for mawk
configure:2505: found /usr/bin/mawk
configure:2516: result: mawk
configure:2527: checking whether make sets $(MAKE)
configure:2549: result: yes
configure:2633: checking whether to enable maintainer-specific portions of Makefiles
configure:2642: result: no
configure:2662: checking build system type
configure:2676: result: i686-pc-linux-gnu
configure:2696: checking host system type
configure:2709: result: i686-pc-linux-gnu
configure:2778: checking for gcc
configure:2794: found /usr/bin/gcc
configure:2805: result: gcc
configure:3034: checking for C compiler version
configure:3043: gcc --version >&5
gcc (Ubuntu 4.9.1-16ubuntu6) 4.9.1
Copyright (C) 2014 Free Software Foundation, Inc.
This is free software; see the source for copying conditions.  There is NO
warranty; not even for MERCHANTABILITY or FITNESS FOR A PARTICULAR PURPOSE.

configure:3054: $? = 0
configure:3043: gcc -v >&5
Using built-in specs.
COLLECT_GCC=gcc
COLLECT_LTO_WRAPPER=/usr/lib/gcc/i686-linux-gnu/4.9/lto-wrapper
Target: i686-linux-gnu
Configured with: ../src/configure -v --with-pkgversion='Ubuntu 4.9.1-16ubuntu6' --with-bugurl=file:///usr/share/doc/gcc-4.9/README.Bugs --enable-languages=c,c++,java,go,d,fortran,objc,obj-c++ --prefix=/usr --program-suffix=-4.9 --enable-shared --enable-linker-build-id --libexecdir=/usr/lib --without-included-gettext --enable-threads=posix --with-gxx-include-dir=/usr/include/c++/4.9 --libdir=/usr/lib --enable-nls --with-sysroot=/ --enable-clocale=gnu --enable-libstdcxx-debug --enable-libstdcxx-time=yes --enable-gnu-unique-object --disable-vtable-verify --enable-plugin --with-system-zlib --disable-browser-plugin --enable-java-awt=gtk --enable-gtk-cairo --with-java-home=/usr/lib/jvm/java-1.5.0-gcj-4.9-i386/jre --enable-java-home --with-jvm-root-dir=/usr/lib/jvm/java-1.5.0-gcj-4.9-i386 --with-jvm-jar-dir=/usr/lib/jvm-exports/java-1.5.0-gcj-4.9-i386 --with-arch-directory=i386 --with-ecj-jar=/usr/share/java/eclipse-ecj.jar --enable-objc-gc --enable-targets=all --enable-multiarch --disable-werror --with-arch-32=i686 --with-multilib-list=m32,m64,mx32 --enable-multilib --with-tune=generic --enable-checking=release --build=i686-linux-gnu --host=i686-linux-gnu --target=i686-linux-gnu
Thread model: posix
gcc version 4.9.1 (Ubuntu 4.9.1-16ubuntu6) 
configure:3054: $? = 0
configure:3043: gcc -V >&5
gcc: error: unrecognized command line option '-V'
gcc: fatal error: no input files
compilation terminated.
configure:3054: $? = 4
configure:3043: gcc -qversion >&5
gcc: error: unrecognized command line option '-qversion'
gcc: fatal error: no input files
compilation terminated.
configure:3054: $? = 4
configure:3074: checking whether the C compiler works
configure:3096: gcc    conftest.c  >&5
configure:3100: $? = 0
configure:3148: result: yes
configure:3151: checking for C compiler default output file name
configure:3153: result: a.out
configure:3159: checking for suffix of executables
configure:3166: gcc -o conftest    conftest.c  >&5
configure:3170: $? = 0
configure:3192: result: 
configure:3214: checking whether we are cross compiling
configure:3222: gcc -o conftest    conftest.c  >&5
configure:3226: $? = 0
configure:3233: ./conftest
configure:3237: $? = 0
configure:3252: result: no
configure:3257: checking for suffix of object files
configure:3279: gcc -c   conftest.c >&5
configure:3283: $? = 0
configure:3304: result: o
configure:3308: checking whether we are using the GNU C compiler
configure:3327: gcc -c   conftest.c >&5
configure:3327: $? = 0
configure:3336: result: yes
configure:3345: checking whether gcc accepts -g
configure:3365: gcc -c -g  conftest.c >&5
configure:3365: $? = 0
configure:3406: result: yes
configure:3423: checking for gcc option to accept ISO C89
configure:3486: gcc  -c -g -O2  conftest.c >&5
configure:3486: $? = 0
configure:3499: result: none needed
configure:3530: checking for style of include used by make
configure:3558: result: GNU
configure:3584: checking dependency style of gcc
configure:3695: result: gcc3
configure:3728: checking how to run the C preprocessor
configure:3759: gcc -E  conftest.c
configure:3759: $? = 0
configure:3773: gcc -E  conftest.c
conftest.c:11:28: fatal error: ac_nonexistent.h: No such file or directory
 #include <ac_nonexistent.h>
                            ^
compilation terminated.
configure:3773: $? = 1
configure: failed program was:
| /* confdefs.h */
| #define PACKAGE_NAME ""
| #define PACKAGE_TARNAME ""
| #define PACKAGE_VERSION ""
| #define PACKAGE_STRING ""
| #define PACKAGE_BUGREPORT ""
| #define PACKAGE_URL ""
| #define PACKAGE "DirectFB-examples"
| #define VERSION "1.6.0"
| /* end confdefs.h.  */
| #include <ac_nonexistent.h>
configure:3798: result: gcc -E
configure:3818: gcc -E  conftest.c
configure:3818: $? = 0
configure:3832: gcc -E  conftest.c
conftest.c:11:28: fatal error: ac_nonexistent.h: No such file or directory
 #include <ac_nonexistent.h>
                            ^
compilation terminated.
configure:3832: $? = 1
configure: failed program was:
| /* confdefs.h */
| #define PACKAGE_NAME ""
| #define PACKAGE_TARNAME ""
| #define PACKAGE_VERSION ""
| #define PACKAGE_STRING ""
| #define PACKAGE_BUGREPORT ""
| #define PACKAGE_URL ""
| #define PACKAGE "DirectFB-examples"
| #define VERSION "1.6.0"
| /* end confdefs.h.  */
| #include <ac_nonexistent.h>
configure:3861: checking for grep that handles long lines and -e
configure:3919: result: /bin/grep
configure:3924: checking for egrep
configure:3986: result: /bin/grep -E
configure:3991: checking for ANSI C header files
configure:4011: gcc -c -Wall -O3 -pipe   conftest.c >&5
configure:4011: $? = 0
configure:4084: gcc -o conftest -Wall -O3 -pipe    conftest.c  >&5
configure:4084: $? = 0
configure:4084: ./conftest
configure:4084: $? = 0
configure:4095: result: yes
configure:4108: checking for sys/types.h
configure:4108: gcc -c -Wall -O3 -pipe   conftest.c >&5
configure:4108: $? = 0
configure:4108: result: yes
configure:4108: checking for sys/stat.h
configure:4108: gcc -c -Wall -O3 -pipe   conftest.c >&5
configure:4108: $? = 0
configure:4108: result: yes
configure:4108: checking for stdlib.h
configure:4108: gcc -c -Wall -O3 -pipe   conftest.c >&5
configure:4108: $? = 0
configure:4108: result: yes
configure:4108: checking for string.h
configure:4108: gcc -c -Wall -O3 -pipe   conftest.c >&5
configure:4108: $? = 0
configure:4108: result: yes
configure:4108: checking for memory.h
configure:4108: gcc -c -Wall -O3 -pipe   conftest.c >&5
configure:4108: $? = 0
configure:4108: result: yes
configure:4108: checking for strings.h
configure:4108: gcc -c -Wall -O3 -pipe   conftest.c >&5
configure:4108: $? = 0
configure:4108: result: yes
configure:4108: checking for inttypes.h
configure:4108: gcc -c -Wall -O3 -pipe   conftest.c >&5
configure:4108: $? = 0
configure:4108: result: yes
configure:4108: checking for stdint.h
configure:4108: gcc -c -Wall -O3 -pipe   conftest.c >&5
configure:4108: $? = 0
configure:4108: result: yes
configure:4108: checking for unistd.h
configure:4108: gcc -c -Wall -O3 -pipe   conftest.c >&5
configure:4108: $? = 0
configure:4108: result: yes
configure:4122: checking stdbool.h usability
configure:4122: gcc -c -Wall -O3 -pipe   conftest.c >&5
configure:4122: $? = 0
configure:4122: result: yes
configure:4122: checking stdbool.h presence
configure:4122: gcc -E  conftest.c
configure:4122: $? = 0
configure:4122: result: yes
configure:4122: checking for stdbool.h
configure:4122: result: yes
configure:4198: checking for pkg-config
configure:4216: found /usr/bin/pkg-config
configure:4228: result: /usr/bin/pkg-config
configure:4253: checking pkg-config is at least version 0.9.0
configure:4256: result: yes
configure:4266: checking for DIRECTFB
configure:4273: $PKG_CONFIG --exists --print-errors "directfb >= $DIRECTFB_REQUIRED_VERSION"
configure:4276: $? = 0
configure:4290: $PKG_CONFIG --exists --print-errors "directfb >= $DIRECTFB_REQUIRED_VERSION"
configure:4293: $? = 0
configure:4335: result: yes
configure:4349: checking for DirectFB >= 1.5.3
configure:4353: result: found
configure:4972: creating ./config.status

## ---------------------- ##
## Running config.status. ##
## ---------------------- ##

This file was extended by config.status, which was
generated by GNU Autoconf 2.69.  Invocation command line was

  CONFIG_FILES    = 
  CONFIG_HEADERS  = 
  CONFIG_LINKS    = 
  CONFIG_COMMANDS = 
  $ ./config.status 

on ubuntu

config.status:852: creating Makefile
config.status:852: creating data/Makefile
config.status:852: creating data/df_neo/Makefile
config.status:852: creating data/spacedream/Makefile
config.status:852: creating src/Makefile
config.status:852: creating src/df_knuckles/Makefile
config.status:852: creating src/df_neo/Makefile
config.status:852: creating src/spacedream/Makefile
config.status:1024: executing depfiles commands
configure:6138: result:
Building Applications:
df_andi                   yes
df_andi3d                 yes
df_bltload                yes
df_cpuload                yes
df_databuffer             yes
df_dioload                yes
df_dok                    yes
df_drivertest             yes
df_drivertest2            yes
df_fire                   yes
df_flip                   yes
df_fonts                  yes
df_input                  yes
df_joystick               yes
df_layer                  yes
df_netload                yes
df_palette                yes
df_particle               yes
df_porter                 yes
df_stress                 yes

df_window                 yes
pss                       yes
df_neo                    yes
spacedream                yes


## ---------------- ##
## Cache variables. ##
## ---------------- ##

ac_cv_build=i686-pc-linux-gnu
ac_cv_c_compiler_gnu=yes
ac_cv_env_CC_set=
ac_cv_env_CC_value=
ac_cv_env_CFLAGS_set=
ac_cv_env_CFLAGS_value=
ac_cv_env_CPPFLAGS_set=
ac_cv_env_CPPFLAGS_value=
ac_cv_env_CPP_set=
ac_cv_env_CPP_value=
ac_cv_env_DIRECTFB_CFLAGS_set=
ac_cv_env_DIRECTFB_CFLAGS_value=
ac_cv_env_DIRECTFB_LIBS_set=
ac_cv_env_DIRECTFB_LIBS_value=
ac_cv_env_LDFLAGS_set=
ac_cv_env_LDFLAGS_value=
ac_cv_env_LIBS_set=
ac_cv_env_LIBS_value=
ac_cv_env_PKG_CONFIG_LIBDIR_set=
ac_cv_env_PKG_CONFIG_LIBDIR_value=
ac_cv_env_PKG_CONFIG_PATH_set=set
ac_cv_env_PKG_CONFIG_PATH_value=/opt/opendfb/lib/pkgconfig/
ac_cv_env_PKG_CONFIG_set=
ac_cv_env_PKG_CONFIG_value=
ac_cv_env_build_alias_set=
ac_cv_env_build_alias_value=
ac_cv_env_host_alias_set=
ac_cv_env_host_alias_value=
ac_cv_env_target_alias_set=
ac_cv_env_target_alias_value=
ac_cv_header_inttypes_h=yes
ac_cv_header_memory_h=yes
ac_cv_header_stdbool_h=yes
ac_cv_header_stdc=yes
ac_cv_header_stdint_h=yes
ac_cv_header_stdlib_h=yes
ac_cv_header_string_h=yes
ac_cv_header_strings_h=yes
ac_cv_header_sys_stat_h=yes
ac_cv_header_sys_types_h=yes
ac_cv_header_unistd_h=yes
ac_cv_host=i686-pc-linux-gnu
ac_cv_objext=o
ac_cv_path_EGREP='/bin/grep -E'
ac_cv_path_GREP=/bin/grep
ac_cv_path_ac_pt_PKG_CONFIG=/usr/bin/pkg-config
ac_cv_path_install='/usr/bin/install -c'
ac_cv_path_mkdir=/bin/mkdir
ac_cv_prog_AWK=mawk
ac_cv_prog_CPP='gcc -E'
ac_cv_prog_ac_ct_CC=gcc
ac_cv_prog_cc_c89=
ac_cv_prog_cc_g=yes
ac_cv_prog_make_make_set=yes
am_cv_CC_dependencies_compiler_type=gcc3
pkg_cv_DIRECTFB_CFLAGS='-D_REENTRANT -I/opt/opendfb/include/directfb '
pkg_cv_DIRECTFB_LIBS='-L/opt/opendfb/lib -ldirectfb -lpthread -lfusion -ldirect -lpthread '

## ----------------- ##
## Output variables. ##
## ----------------- ##

ACLOCAL='${SHELL} /home/kin/workspace/opendfb-workspace/opendfb-github/openDFB-examples/missing --run aclocal-1.11 '
AMDEPBACKSLASH='\'
AMDEP_FALSE='#'
AMDEP_TRUE=''
AMTAR='$${TAR-tar}'
AUTOCONF='${SHELL} /home/kin/workspace/opendfb-workspace/opendfb-github/openDFB-examples/missing --run autoconf'
AUTOHEADER='${SHELL} /home/kin/workspace/opendfb-workspace/opendfb-github/openDFB-examples/missing --run autoheader'
AUTOMAKE='${SHELL} /home/kin/workspace/opendfb-workspace/opendfb-github/openDFB-examples/missing --run automake-1.11'
AWK='mawk'
CC='gcc'
CCDEPMODE='depmode=gcc3'
CFLAGS='-Wall -O3 -pipe  -Werror-implicit-function-declaration'
CPP='gcc -E'
CPPFLAGS=''
CYGPATH_W='echo'
DATADIR='${datarootdir}/directfb-examples'
DEFS='-DPACKAGE_NAME=\"\" -DPACKAGE_TARNAME=\"\" -DPACKAGE_VERSION=\"\" -DPACKAGE_STRING=\"\" -DPACKAGE_BUGREPORT=\"\" -DPACKAGE_URL=\"\" -DPACKAGE=\"DirectFB-examples\" -DVERSION=\"1.6.0\" -DSTDC_HEADERS=1 -DHAVE_SYS_TYPES_H=1 -DHAVE_SYS_STAT_H=1 -DHAVE_STDLIB_H=1 -DHAVE_STRING_H=1 -DHAVE_MEMORY_H=1 -DHAVE_STRINGS_H=1 -DHAVE_INTTYPES_H=1 -DHAVE_STDINT_H=1 -DHAVE_UNISTD_H=1 -DHAVE_STDBOOL_H=1'
DEPDIR='.deps'
DF_ANDI3D_FALSE='#'
DF_ANDI3D_TRUE=''
DF_ANDI_FALSE='#'
DF_ANDI_TRUE=''
DF_BLTLOAD_FALSE='#'
DF_BLTLOAD_TRUE=''
DF_CPULOAD_FALSE='#'
DF_CPULOAD_TRUE=''
DF_DATABUFFER_FALSE='#'
DF_DATABUFFER_TRUE=''
DF_DIOLOAD_FALSE='#'
DF_DIOLOAD_TRUE=''
DF_DOK_FALSE='#'
DF_DOK_TRUE=''
DF_DRIVERTEST2_FALSE='#'
DF_DRIVERTEST2_TRUE=''
DF_DRIVERTEST_FALSE='#'
DF_DRIVERTEST_TRUE=''
DF_FIRE_FALSE='#'
DF_FIRE_TRUE=''
DF_FLIP_FALSE='#'
DF_FLIP_TRUE=''
DF_FONTS_FALSE='#'
DF_FONTS_TRUE=''
DF_INPUT_FALSE='#'
DF_INPUT_TRUE=''
DF_JOYSTICK_FALSE='#'
DF_JOYSTICK_TRUE=''
DF_LAYER_FALSE='#'
DF_LAYER_TRUE=''
DF_NEO_FALSE='#'
DF_NEO_TRUE=''
DF_NETLOAD_FALSE='#'
DF_NETLOAD_TRUE=''
DF_PALETTE_FALSE='#'
DF_PALETTE_TRUE=''
DF_PARTICLE_FALSE='#'
DF_PARTICLE_TRUE=''
DF_PORTER_FALSE='#'
DF_PORTER_TRUE=''
DF_STRESS_FALSE='#'
DF_STRESS_TRUE=''
DF_TEXTURE3D_FALSE=''
DF_TEXTURE3D_TRUE='#'
DF_TEXTURE_FALSE=''
DF_TEXTURE_TRUE='#'
DF_WINDOW_FALSE='#'
DF_WINDOW_TRUE=''
DIRECTFB_CFLAGS='-D_REENTRANT -I/opt/opendfb/include/directfb '
DIRECTFB_LIBS='-L/opt/opendfb/lib -ldirectfb -lpthread -lfusion -ldirect -lpthread '
ECHO_C=''
ECHO_N='-n'
ECHO_T=''
EGREP='/bin/grep -E'
EXEEXT=''
GREP='/bin/grep'
HAVE_STEREO_API_FALSE='#'
HAVE_STEREO_API_TRUE=''
INSTALL_DATA='${INSTALL} -m 644'
INSTALL_PROGRAM='${INSTALL}'
INSTALL_SCRIPT='${INSTALL}'
INSTALL_STRIP_PROGRAM='$(install_sh) -c -s'
LDFLAGS=''
LIBOBJS=''
LIBS=''
LTLIBOBJS=''
MAINT='#'
MAINTAINER_MODE_FALSE=''
MAINTAINER_MODE_TRUE='#'
MAKEINFO='${SHELL} /home/kin/workspace/opendfb-workspace/opendfb-github/openDFB-examples/missing --run makeinfo'
MKDIR_P='/bin/mkdir -p'
OBJEXT='o'
PACKAGE='DirectFB-examples'
PACKAGE_BUGREPORT=''
PACKAGE_NAME=''
PACKAGE_STRING=''
PACKAGE_TARNAME=''
PACKAGE_URL=''
PACKAGE_VERSION=''
PATH_SEPARATOR=':'
PKG_CONFIG='/usr/bin/pkg-config'
PKG_CONFIG_LIBDIR=''
PKG_CONFIG_PATH='/opt/opendfb/lib/pkgconfig/'
PSS_FALSE='#'
PSS_TRUE=''
SET_MAKE=''
SHELL='/bin/bash'
SPACEDREAM_FALSE='#'
SPACEDREAM_TRUE=''
STRIP=''
VERSION='1.6.0'
WATER_RUNS_FALSE='#'
WATER_RUNS_TRUE=''
ac_ct_CC='gcc'
am__EXEEXT_FALSE=''
am__EXEEXT_TRUE='#'
am__fastdepCC_FALSE='#'
am__fastdepCC_TRUE=''
am__include='include'
am__isrc=''
am__leading_dot='.'
am__nodep='_no'
am__quote=''
am__tar='$${TAR-tar} chof - "$$tardir"'
am__untar='$${TAR-tar} xf -'
bindir='${exec_prefix}/bin'
build='i686-pc-linux-gnu'
build_alias=''
build_cpu='i686'
build_os='linux-gnu'
build_vendor='pc'
datadir='${datarootdir}'
datarootdir='${prefix}/share'
docdir='${datarootdir}/doc/${PACKAGE}'
dvidir='${docdir}'
exec_prefix='${prefix}'
host='i686-pc-linux-gnu'
host_alias=''
host_cpu='i686'
host_os='linux-gnu'
host_vendor='pc'
htmldir='${docdir}'
includedir='/opt/opendfb/include'
infodir='${datarootdir}/info'
install_sh='${SHELL} /home/kin/workspace/opendfb-workspace/opendfb-github/openDFB-examples/install-sh'
libdir='/opt/opendfb/lib'
libexecdir='${exec_prefix}/libexec'
localedir='${datarootdir}/locale'
localstatedir='${prefix}/var'
mandir='${datarootdir}/man'
mkdir_p='/bin/mkdir -p'
oldincludedir='/usr/include'
pdfdir='${docdir}'
prefix='/opt/opendfb'
program_transform_name='s,x,x,'
psdir='${docdir}'
sbindir='${exec_prefix}/sbin'
sharedstatedir='${prefix}/com'
sysconfdir='${prefix}/etc'
target_alias=''

## ----------- ##
## confdefs.h. ##
## ----------- ##

/* confdefs.h */
#define PACKAGE_NAME ""
#define PACKAGE_TARNAME ""
#define PACKAGE_VERSION ""
#define PACKAGE_STRING ""
#define PACKAGE_BUGREPORT ""
#define PACKAGE_URL ""
#define PACKAGE "DirectFB-examples"
#define VERSION "1.6.0"
#define STDC_HEADERS 1
#define HAVE_SYS_TYPES_H 1
#define HAVE_SYS_STAT_H 1
#define HAVE_STDLIB_H 1
#define HAVE_STRING_H 1
#define HAVE_MEMORY_H 1
#define HAVE_STRINGS_H 1
#define HAVE_INTTYPES_H 1
#define HAVE_STDINT_H 1
#define HAVE_UNISTD_H 1
#define HAVE_STDBOOL_H 1

configure: exit 0
